IP Upgrade report for Ver2
Sun Apr 29 21:04:31 2018
Quartus Prime Version 17.1.0 Build 590 10/25/2017 SJ Lite Edition


---------------------
; Table of Contents ;
---------------------
  1. Legal Notice
  2. IP Upgrade Summary
  3. Successfully Upgraded IP Components
  4. IP Upgrade Messages



----------------
; Legal Notice ;
----------------
Copyright (C) 2017  Intel Corporation. All rights reserved.
Your use of Intel Corporation's design tools, logic functions 
and other software and tools, and its AMPP partner logic 
functions, and any output files from any of the foregoing 
(including device programming or simulation files), and any 
associated documentation or information are expressly subject 
to the terms and conditions of the Intel Program License 
Subscription Agreement, the Intel Quartus Prime License Agreement,
the Intel FPGA IP License Agreement, or other applicable license
agreement, including, without limitation, that your use is for
the sole purpose of programming logic devices manufactured by
Intel and sold by Intel or its authorized distributors.  Please
refer to the applicable agreement for further details.



+----------------------------------------------------------------------------+
; IP Upgrade Summary                                                         ;
+------------------------------+---------------------------------------------+
; IP Components Upgrade Status ; Passed - Sun Apr 29 21:04:31 2018           ;
; Quartus Prime Version        ; 17.1.0 Build 590 10/25/2017 SJ Lite Edition ;
; Revision Name                ; Ver2                                        ;
; Top-level Entity Name        ; Lab7                                        ;
; Family                       ; Cyclone IV E                                ;
+------------------------------+---------------------------------------------+


+------------------------------------------------------------------------------------------------------------------------+
; Successfully Upgraded IP Components                                                                                    ;
+---------------+----------------+---------+----------------------+----------------------+---------------------+---------+
; Entity Name   ; Component Name ; Version ; Original Source File ; Generation File Path ; New Source File     ; Message ;
+---------------+----------------+---------+----------------------+----------------------+---------------------+---------+
; VGA_Audio_PLL ; ALTPLL         ; 9.1     ; v/VGA_Audio_PLL.qip  ; v/VGA_Audio_PLL.v    ; v/VGA_Audio_PLL.qip ;         ;
+---------------+----------------+---------+----------------------+----------------------+---------------------+---------+


+---------------------+
; IP Upgrade Messages ;
+---------------------+
Info (11902): Backing up file "v/VGA_Audio_PLL.v" to "v/VGA_Audio_PLL.BAK.v"
Info (11837): Started upgrading IP component ALTPLL with file "v/VGA_Audio_PLL.v"
Info (11131): Completed upgrading IP component ALTPLL with file "v/VGA_Audio_PLL.v"
Info (23030): Evaluation of Tcl script c:/intelfpga_lite/17.1/quartus/common/tcl/internal/ip_regen/ip_regen.tcl was successful
Info: Quartus Prime Shell was successful. 0 errors, 1 warning
    Info: Peak virtual memory: 810 megabytes
    Info: Processing ended: Sun Apr 29 21:04:32 2018
    Info: Elapsed time: 00:00:16
    Info: Total CPU time (on all processors): 00:00:26


