Flow report for DE2_115_Synthesizer
Fri Apr 27 17:11:29 2018
Quartus Prime Version 17.1.1 Internal Build 593 12/11/2017 SJ Lite Edition


---------------------
; Table of Contents ;
---------------------
  1. Legal Notice
  2. Flow Summary
  3. Flow Settings
  4. Flow Non-Default Global Settings
  5. Flow Elapsed Time
  6. Flow OS Summary
  7. Flow Log
  8. Flow Messages
  9. Flow Suppressed Messages



----------------
; Legal Notice ;
----------------
Copyright (C) 2017  Intel Corporation. All rights reserved.
Your use of Intel Corporation's design tools, logic functions 
and other software and tools, and its AMPP partner logic 
functions, and any output files from any of the foregoing 
(including device programming or simulation files), and any 
associated documentation or information are expressly subject 
to the terms and conditions of the Intel Program License 
Subscription Agreement, the Intel Quartus Prime License Agreement,
the Intel FPGA IP License Agreement, or other applicable license
agreement, including, without limitation, that your use is for
the sole purpose of programming logic devices manufactured by
Intel and sold by Intel or its authorized distributors.  Please
refer to the applicable agreement for further details.



+-------------------------------------------------------------------------------------------+
; Flow Summary                                                                              ;
+------------------------------------+------------------------------------------------------+
; Flow Status                        ; Successful - Fri Apr 27 17:11:23 2018                ;
; Quartus Prime Version              ; 17.1.1 Internal Build 593 12/11/2017 SJ Lite Edition ;
; Revision Name                      ; DE2_115_Synthesizer                                  ;
; Top-level Entity Name              ; DE2_115_Synthesizer                                  ;
; Family                             ; Cyclone IV E                                         ;
; Device                             ; EP4CE115F29C7                                        ;
; Timing Models                      ; Final                                                ;
; Total logic elements               ; 2,650 / 114,480 ( 2 % )                              ;
;     Total combinational functions  ; 2,021 / 114,480 ( 2 % )                              ;
;     Dedicated logic registers      ; 1,338 / 114,480 ( 1 % )                              ;
; Total registers                    ; 1338                                                 ;
; Total pins                         ; 450 / 529 ( 85 % )                                   ;
; Total virtual pins                 ; 0                                                    ;
; Total memory bits                  ; 197,632 / 3,981,312 ( 5 % )                          ;
; Embedded Multiplier 9-bit elements ; 0 / 532 ( 0 % )                                      ;
; Total PLLs                         ; 1 / 4 ( 25 % )                                       ;
+------------------------------------+------------------------------------------------------+


+-----------------------------------------+
; Flow Settings                           ;
+-------------------+---------------------+
; Option            ; Setting             ;
+-------------------+---------------------+
; Start date & time ; 04/27/2018 17:10:12 ;
; Main task         ; Compilation         ;
; Revision Name     ; DE2_115_Synthesizer ;
+-------------------+---------------------+


+---------------------------------------------------------------------------------------------------------------------------------------------------------------------------------------------------------------------------------------------------------------------------------------------+
; Flow Non-Default Global Settings                                                                                                                                                                                                                                                            ;
+-------------------------------------+-----------------------------------------------------------------------------------------------------------------------------------------------------------------------------------------------+---------------+--------------------+------------------+
; Assignment Name                     ; Value                                                                                                                                                                                         ; Default Value ; Entity Name        ; Section Id       ;
+-------------------------------------+-----------------------------------------------------------------------------------------------------------------------------------------------------------------------------------------------+---------------+--------------------+------------------+
; COMPILER_SIGNATURE_ID               ; 174508024972475.152484181201468                                                                                                                                                               ; --            ; --                 ; --               ;
; ENABLE_SIGNALTAP                    ; On                                                                                                                                                                                            ; --            ; --                 ; --               ;
; MAX_CORE_JUNCTION_TEMP              ; 85                                                                                                                                                                                            ; --            ; --                 ; --               ;
; MIN_CORE_JUNCTION_TEMP              ; 0                                                                                                                                                                                             ; --            ; --                 ; --               ;
; MISC_FILE                           ; D:/porting/DE2-115/DE2_115_Synthesizer/DE2_115_Synthesizer.dpf                                                                                                                                ; --            ; --                 ; --               ;
; MISC_FILE                           ; E:/SVN/de2_115/trunk/ref_design/DE2_115_Synthesizer/DE2_115_Synthesizer.dpf                                                                                                                   ; --            ; --                 ; --               ;
; MISC_FILE                           ; D:/SVN/DE_115/ref_design/DE2_115_Synthesizer/DE2_115_Synthesizer.dpf">>>>>>> .r662                                                                                                            ; --            ; --                 ; --               ;
; MISC_FILE                           ; E:/DE2_115_NEW/trunk/ref_design/DE2_115_Synthesizer/DE2_115_Synthesizer.dpf                                                                                                                   ; --            ; --                 ; --               ;
; NOMINAL_CORE_SUPPLY_VOLTAGE         ; 1.2V                                                                                                                                                                                          ; --            ; --                 ; --               ;
; OUTPUT_IO_TIMING_ENDPOINT           ; Far End                                                                                                                                                                                       ; Near End      ; --                 ; --               ;
; PARTITION_COLOR                     ; -- (Not supported for targeted family)                                                                                                                                                        ; --            ; DE2_115_GOLDEN_TOP ; Top              ;
; PARTITION_COLOR                     ; -- (Not supported for targeted family)                                                                                                                                                        ; --            ; --                 ; Top              ;
; PARTITION_FITTER_PRESERVATION_LEVEL ; -- (Not supported for targeted family)                                                                                                                                                        ; --            ; --                 ; Top              ;
; PARTITION_NETLIST_TYPE              ; -- (Not supported for targeted family)                                                                                                                                                        ; --            ; DE2_115_GOLDEN_TOP ; Top              ;
; PARTITION_NETLIST_TYPE              ; -- (Not supported for targeted family)                                                                                                                                                        ; --            ; --                 ; Top              ;
; POWER_BOARD_THERMAL_MODEL           ; None (CONSERVATIVE)                                                                                                                                                                           ; --            ; --                 ; --               ;
; POWER_PRESET_COOLING_SOLUTION       ; 23 MM HEAT SINK WITH 200 LFPM AIRFLOW                                                                                                                                                         ; --            ; --                 ; --               ;
; SLD_FILE                            ; db/stp1_auto_stripped.stp                                                                                                                                                                     ; --            ; --                 ; --               ;
; SLD_NODE_CREATOR_ID                 ; 110                                                                                                                                                                                           ; --            ; --                 ; auto_signaltap_0 ;
; SLD_NODE_ENTITY_NAME                ; sld_signaltap                                                                                                                                                                                 ; --            ; --                 ; auto_signaltap_0 ;
; SLD_NODE_PARAMETER_ASSIGNMENT       ; SLD_NODE_INFO=805334528                                                                                                                                                                       ; --            ; --                 ; auto_signaltap_0 ;
; SLD_NODE_PARAMETER_ASSIGNMENT       ; SLD_POWER_UP_TRIGGER=0                                                                                                                                                                        ; --            ; --                 ; auto_signaltap_0 ;
; SLD_NODE_PARAMETER_ASSIGNMENT       ; SLD_STORAGE_QUALIFIER_INVERSION_MASK_LENGTH=0                                                                                                                                                 ; --            ; --                 ; auto_signaltap_0 ;
; SLD_NODE_PARAMETER_ASSIGNMENT       ; SLD_ATTRIBUTE_MEM_MODE=OFF                                                                                                                                                                    ; --            ; --                 ; auto_signaltap_0 ;
; SLD_NODE_PARAMETER_ASSIGNMENT       ; SLD_STATE_FLOW_USE_GENERATED=0                                                                                                                                                                ; --            ; --                 ; auto_signaltap_0 ;
; SLD_NODE_PARAMETER_ASSIGNMENT       ; SLD_STATE_BITS=11                                                                                                                                                                             ; --            ; --                 ; auto_signaltap_0 ;
; SLD_NODE_PARAMETER_ASSIGNMENT       ; SLD_BUFFER_FULL_STOP=1                                                                                                                                                                        ; --            ; --                 ; auto_signaltap_0 ;
; SLD_NODE_PARAMETER_ASSIGNMENT       ; SLD_CURRENT_RESOURCE_WIDTH=1                                                                                                                                                                  ; --            ; --                 ; auto_signaltap_0 ;
; SLD_NODE_PARAMETER_ASSIGNMENT       ; SLD_TRIGGER_LEVEL=1                                                                                                                                                                           ; --            ; --                 ; auto_signaltap_0 ;
; SLD_NODE_PARAMETER_ASSIGNMENT       ; SLD_TRIGGER_IN_ENABLED=0                                                                                                                                                                      ; --            ; --                 ; auto_signaltap_0 ;
; SLD_NODE_PARAMETER_ASSIGNMENT       ; SLD_ADVANCED_TRIGGER_ENTITY=basic,1,                                                                                                                                                          ; --            ; --                 ; auto_signaltap_0 ;
; SLD_NODE_PARAMETER_ASSIGNMENT       ; SLD_TRIGGER_LEVEL_PIPELINE=1                                                                                                                                                                  ; --            ; --                 ; auto_signaltap_0 ;
; SLD_NODE_PARAMETER_ASSIGNMENT       ; SLD_ENABLE_ADVANCED_TRIGGER=0                                                                                                                                                                 ; --            ; --                 ; auto_signaltap_0 ;
; SLD_NODE_PARAMETER_ASSIGNMENT       ; SLD_SEGMENT_SIZE=4096                                                                                                                                                                         ; --            ; --                 ; auto_signaltap_0 ;
; SLD_NODE_PARAMETER_ASSIGNMENT       ; SLD_SAMPLE_DEPTH=4096                                                                                                                                                                         ; --            ; --                 ; auto_signaltap_0 ;
; SLD_NODE_PARAMETER_ASSIGNMENT       ; SLD_DATA_BITS=48                                                                                                                                                                              ; --            ; --                 ; auto_signaltap_0 ;
; SLD_NODE_PARAMETER_ASSIGNMENT       ; SLD_TRIGGER_BITS=48                                                                                                                                                                           ; --            ; --                 ; auto_signaltap_0 ;
; SLD_NODE_PARAMETER_ASSIGNMENT       ; SLD_INVERSION_MASK=00000000000000000000000000000000000000000000000000000000000000000000000000000000000000000000000000000000000000000000000000000000000000000000000000000000000000000000000000 ; --            ; --                 ; auto_signaltap_0 ;
; SLD_NODE_PARAMETER_ASSIGNMENT       ; SLD_INVERSION_MASK_LENGTH=170                                                                                                                                                                 ; --            ; --                 ; auto_signaltap_0 ;
; SLD_NODE_PARAMETER_ASSIGNMENT       ; SLD_RAM_BLOCK_TYPE=M9K                                                                                                                                                                        ; --            ; --                 ; auto_signaltap_0 ;
; SLD_NODE_PARAMETER_ASSIGNMENT       ; SLD_STORAGE_QUALIFIER_BITS=48                                                                                                                                                                 ; --            ; --                 ; auto_signaltap_0 ;
; SLD_NODE_PARAMETER_ASSIGNMENT       ; SLD_INCREMENTAL_ROUTING=1                                                                                                                                                                     ; --            ; --                 ; auto_signaltap_0 ;
; SLD_NODE_PARAMETER_ASSIGNMENT       ; SLD_TRIGGER_PIPELINE=0                                                                                                                                                                        ; --            ; --                 ; auto_signaltap_0 ;
; SLD_NODE_PARAMETER_ASSIGNMENT       ; SLD_RAM_PIPELINE=0                                                                                                                                                                            ; --            ; --                 ; auto_signaltap_0 ;
; SLD_NODE_PARAMETER_ASSIGNMENT       ; SLD_COUNTER_PIPELINE=0                                                                                                                                                                        ; --            ; --                 ; auto_signaltap_0 ;
; USE_GENERATED_PHYSICAL_CONSTRAINTS  ; Off                                                                                                                                                                                           ; --            ; --                 ; eda_blast_fpga   ;
; USE_SIGNALTAP_FILE                  ; stp1.stp                                                                                                                                                                                      ; --            ; --                 ; --               ;
+-------------------------------------+-----------------------------------------------------------------------------------------------------------------------------------------------------------------------------------------------+---------------+--------------------+------------------+


+-------------------------------------------------------------------------------------------------------------------------------+
; Flow Elapsed Time                                                                                                             ;
+---------------------------+--------------+-------------------------+---------------------+------------------------------------+
; Module Name               ; Elapsed Time ; Average Processors Used ; Peak Virtual Memory ; Total CPU Time (on all processors) ;
+---------------------------+--------------+-------------------------+---------------------+------------------------------------+
; Analysis & Synthesis      ; 00:00:36     ; 1.0                     ; 817 MB              ; 00:01:04                           ;
; Fitter                    ; 00:00:24     ; 1.0                     ; 1722 MB             ; 00:00:33                           ;
; Assembler                 ; 00:00:05     ; 1.0                     ; 625 MB              ; 00:00:05                           ;
; TimeQuest Timing Analyzer ; 00:00:05     ; 1.1                     ; 817 MB              ; 00:00:04                           ;
; Total                     ; 00:01:10     ; --                      ; --                  ; 00:01:46                           ;
+---------------------------+--------------+-------------------------+---------------------+------------------------------------+


+-----------------------------------------------------------------------------------------+
; Flow OS Summary                                                                         ;
+---------------------------+------------------+------------+------------+----------------+
; Module Name               ; Machine Hostname ; OS Name    ; OS Version ; Processor type ;
+---------------------------+------------------+------------+------------+----------------+
; Analysis & Synthesis      ; Thomas-XPS-Win10 ; Windows 10 ; 10.0       ; x86_64         ;
; Fitter                    ; Thomas-XPS-Win10 ; Windows 10 ; 10.0       ; x86_64         ;
; Assembler                 ; Thomas-XPS-Win10 ; Windows 10 ; 10.0       ; x86_64         ;
; TimeQuest Timing Analyzer ; Thomas-XPS-Win10 ; Windows 10 ; 10.0       ; x86_64         ;
+---------------------------+------------------+------------+------------+----------------+


------------
; Flow Log ;
------------
quartus_map --read_settings_files=on --write_settings_files=off DE2_115_Synthesizer -c DE2_115_Synthesizer
quartus_fit --read_settings_files=off --write_settings_files=off DE2_115_Synthesizer -c DE2_115_Synthesizer
quartus_asm --read_settings_files=off --write_settings_files=off DE2_115_Synthesizer -c DE2_115_Synthesizer
quartus_sta DE2_115_Synthesizer -c DE2_115_Synthesizer



